application
bug
carving
cbc
challenge
cloud
code
credential
csv
dependency
detect
discovery
documentation
encryption
engineering
eslint
ethical hacking
flaw
forense
forensics
functional
fuzzing
health
htb
imperative
information
investigación
investigation
injection
javascript
jwt
libssh
machine learning
multiparadigm
mypy
openssl
password
pentesting
protect
pwn
pythagoras
python
revert
saml
scanner
security
security testing
ssl
software
solve
sql
standard
stateless
test
testing
tls
vector
vulnerability
web
wep
wifi
xml
xpath
xss
