forces
forces/oci-deploy
forces/oci-deploy-wrapper
forces/test
forces/wrapper
integrates/build-front
integrates/infra-backup-apply
integrates/infra-backup-test
integrates/infra-cache-db-apply
integrates/infra-cache-db-test
integrates/infra-cluster-apply
integrates/infra-cluster-test
integrates/infra-database-apply
integrates/infra-database-test
integrates/infra-front-apply
integrates/infra-front-test
integrates/infra-resources-apply
integrates/infra-resources-test
integrates/infra-secret-management-apply
integrates/infra-secret-management-test
makes/attrs
makes/check
makes/deploy/oci-batch
makes/deploy/oci-ci
makes/lint
melts
melts/test
observes/code-etl-amend
observes/code-etl-mirror
observes/code-etl-upload
observes/infra-test
observes/scheduled-code-etl-amend
observes/scheduled-code-etl-compute-bills
observes/scheduled-code-etl-mirror
observes/scheduled-code-etl-upload
observes/tap-json
observes/target-redshift
skims
skims/benchmark
skims/benchmark-on-aws
skims/docs/deploy
skims/infra-deploy
skims/infra-test
skims/oci-deploy
skims/process-group
skims/process-group-on-aws
skims/process-groups-on-aws
skims/test
sorts
sorts/extract-features
sorts/infra/deploy
sorts/infra/test
sorts/test
sorts/train
