forces/bin
forces/config-development
forces/config-runtime
forces/lint
forces/oci-build
integrates/lint/front
makes/dev
melts/bin
melts/config-development
melts/config-runtime
melts/lint
observes/bin-tap-json
observes/bin-target-redshift
observes/config-streamer-zoho-crm-runtime
observes/config-target-redshift-runtime
skims/bin
skims/config-development
skims/config-runtime
skims/docs/build
skims/lint
skims/oci-build
skims/parsers/antlr
skims/parsers/babel
skims/security
skims/structure
sorts/bin
sorts/config-development
sorts/config-runtime
sorts/lint
