airs/front/content/blog/another-proud-son-json/index.adoc
airs/front/content/blog/backdooring-putty/index.adoc
airs/front/content/blog/battle-tendency/index.adoc
airs/front/content/blog/big-code/index.adoc
airs/front/content/blog/binary-learning/index.adoc
airs/front/content/blog/bounty-writeup/index.adoc
airs/front/content/blog/bypassing-dep/index.adoc
airs/front/content/blog/ceo-bugs/index.adoc
airs/front/content/blog/chat-with-correa/index.adoc
airs/front/content/blog/code-translate/index.adoc
airs/front/content/blog/conflict-interest/index.adoc
airs/front/content/blog/conserving-identity/index.adoc
airs/front/content/blog/cost-cybercrime-ii/index.adoc
airs/front/content/blog/cost-cybercrime-i/index.adoc
airs/front/content/blog/crash-course-machine-learning/index.adoc
airs/front/content/blog/credential-stuffing/index.adoc
airs/front/content/blog/cryptojacking-malware/index.adoc
airs/front/content/blog/cybersecurity-2020-21-iii/index.adoc
airs/front/content/blog/cybersecurity-2020-21-ii/index.adoc
airs/front/content/blog/cybersecurity-2020-21-i/index.adoc
airs/front/content/blog/cybersecurity-strategy/index.adoc
airs/front/content/blog/dark-web/index.adoc
airs/front/content/blog/deep-hacking/index.adoc
airs/front/content/blog/delimit-ethical-hacking/index.adoc
airs/front/content/blog/devoops-writeup/index.adoc
airs/front/content/blog/devops-concept/index.adoc
airs/front/content/blog/devsecops-concept/index.adoc
airs/front/content/blog/digression-regression/index.adoc
airs/front/content/blog/do-not-read/index.adoc
airs/front/content/blog/embed-code-vector/index.adoc
airs/front/content/blog/evolution-lumu/index.adoc
airs/front/content/blog/exploit-code-graph/index.adoc
airs/front/content/blog/fck-strategy/index.adoc
airs/front/content/blog/fool-machine/index.adoc
airs/front/content/blog/functional-fashion-in-javascript/index.adoc
airs/front/content/blog/further-code2vec/index.adoc
airs/front/content/blog/fuzzing-forallsecure/index.adoc
airs/front/content/blog/fuzzing-sudo/index.adoc
airs/front/content/blog/fuzzy-bugs-online/index.adoc
airs/front/content/blog/gherkin-steroids/index.adoc
airs/front/content/blog/git-steroids/index.adoc
airs/front/content/blog/global-leaders-2018/index.adoc
airs/front/content/blog/great-expectations/index.adoc
airs/front/content/blog/hack-cern/index.adoc
airs/front/content/blog/healthcare-clouds/index.adoc
airs/front/content/blog/healthcare-cybersecurity/index.adoc
airs/front/content/blog/hevd-dos/index.adoc
airs/front/content/blog/hevd-privilege-escalation/index.adoc
airs/front/content/blog/hevd-smep-bypass/index.adoc
airs/front/content/blog/hit-miss/index.adoc
airs/front/content/blog/importance-pentesting/index.adoc
airs/front/content/blog/infinite-monkey-fuzzer/index.adoc
airs/front/content/blog/innovation-understandable/index.adoc
airs/front/content/blog/insensato-reporte/index.adoc
airs/front/content/blog/intercepting-android/index.adoc
airs/front/content/blog/interview-safety-detectives/index.adoc
airs/front/content/blog/is-csv-secure/index.adoc
airs/front/content/blog/iso-iec-29147/index.adoc
airs/front/content/blog/iso-iec-30111/index.adoc
airs/front/content/blog/learning-code/index.adoc
airs/front/content/blog/libssh-bypass-cve/index.adoc
airs/front/content/blog/look-inside-oss/index.adoc
airs/front/content/blog/machine-learning-hack/index.adoc
airs/front/content/blog/monetizing-vulnerabilities/index.adoc
airs/front/content/blog/multiple-credentials-begone/index.adoc
airs/front/content/blog/my-heart-bleeds/index.adoc
airs/front/content/blog/natural-code/index.adoc
airs/front/content/blog/netscan-exploit/index.adoc
airs/front/content/blog/new-red-team-expert/index.adoc
airs/front/content/blog/online-voting/index.adoc
airs/front/content/blog/optimism-bias/index.adoc
airs/front/content/blog/oracle-code/index.adoc
airs/front/content/blog/osce-journey/index.adoc
airs/front/content/blog/oscp-journey/index.adoc
airs/front/content/blog/oss-security/index.adoc
airs/front/content/blog/para-bellum/index.adoc
airs/front/content/blog/parse-conquer/index.adoc
airs/front/content/blog/pars-orationis-secura/index.adoc
airs/front/content/blog/pass-cracking/index.adoc
airs/front/content/blog/phishing/index.adoc
airs/front/content/blog/pii-leakage-whitehat/index.adoc
airs/front/content/blog/ptaas-netspi/index.adoc
airs/front/content/blog/purple-team/index.adoc
airs/front/content/blog/quantifying-risk/index.adoc
airs/front/content/blog/quantitative-python/index.adoc
airs/front/content/blog/querier-writeup/index.adoc
airs/front/content/blog/quickzip-exploit/index.adoc
airs/front/content/blog/ransomware/index.adoc
airs/front/content/blog/recent-osce/index.adoc
airs/front/content/blog/red-team-exercise/index.adoc
airs/front/content/blog/release-the-beast/index.adoc
airs/front/content/blog/replaced-machines/index.adoc
airs/front/content/blog/requiem-password/index.adoc
airs/front/content/blog/respond-the-name/index.adoc
airs/front/content/blog/reverse-engineering/index.adoc
airs/front/content/blog/reversing-mortals/index.adoc
airs/front/content/blog/reversing-vulnserver/index.adoc
airs/front/content/blog/risk-indicator-roundup/index.adoc
airs/front/content/blog/road-to-functional-python/index.adoc
airs/front/content/blog/roasting-kerberos/index.adoc
airs/front/content/blog/rules-new-standard/index.adoc
airs/front/content/blog/sastisfying-app-security/index.adoc
airs/front/content/blog/sast-sca-kiuwan/index.adoc
airs/front/content/blog/schrems-shield/index.adoc
airs/front/content/blog/searching-history/index.adoc
airs/front/content/blog/secdevops-security-champions/index.adoc
airs/front/content/blog/secure-infra-code/index.adoc
airs/front/content/blog/security-trends/index.adoc
airs/front/content/blog/seek-chaos/index.adoc
airs/front/content/blog/sensible-cybersecurity/index.adoc
airs/front/content/blog/shared-responsibility-model/index.adoc
airs/front/content/blog/smbs-bankruptcy/index.adoc
airs/front/content/blog/solarwinds-attack/index.adoc
airs/front/content/blog/solarwinds-us-strike-back/index.adoc
airs/front/content/blog/sqli-manual-bypass/index.adoc
airs/front/content/blog/stand-shoulders-giants/index.adoc
airs/front/content/blog/storing-password-safely/index.adoc
airs/front/content/blog/stupid-neighbors-using-wep/index.adoc
airs/front/content/blog/symbolic-execution-mortals/index.adoc
airs/front/content/blog/tainted-love/index.adoc
airs/front/content/blog/thoughtless-reporting/index.adoc
airs/front/content/blog/training-basic/index.adoc
airs/front/content/blog/trapdoors/index.adoc
airs/front/content/blog/treacherous-poodle/index.adoc
airs/front/content/blog/trends-2020-ii/index.adoc
airs/front/content/blog/trends-2020/index.adoc
airs/front/content/blog/triage-hacker/index.adoc
airs/front/content/blog/tribe-of-hackers-1/index.adoc
airs/front/content/blog/tribe-of-hackers-2/index.adoc
airs/front/content/blog/tribe-of-hackers-3/index.adoc
airs/front/content/blog/tribe-of-hackers-4/index.adoc
airs/front/content/blog/understanding-ssrf/index.adoc
airs/front/content/blog/updating-belief/index.adoc
airs/front/content/blog/vector-language/index.adoc
airs/front/content/blog/vulnerabilities-in-deep/index.adoc
airs/front/content/blog/vulnerability-classifier/index.adoc
airs/front/content/blog/vulnerability-disclosure/index.adoc
airs/front/content/blog/vulnserver-gmon/index.adoc
airs/front/content/blog/vulnserver-gter/index.adoc
airs/front/content/blog/vulnserver-gter-no-egghunter/index.adoc
airs/front/content/blog/vulnserver-kstet-alternative/index.adoc
airs/front/content/blog/vulnserver-kstet/index.adoc
airs/front/content/blog/vulnserver-lter-seh/index.adoc
airs/front/content/blog/vulnserver-trun/index.adoc
airs/front/content/blog/vulnserver-trun-rop/index.adoc
airs/front/content/blog/vulns-triage-synopsys/index.adoc
airs/front/content/blog/why-we-go-functional/index.adoc
airs/front/content/blog/windows-kernel-debugging/index.adoc
airs/front/content/blog/xml-exploitable-markup-language/index.adoc
airs/front/content/blog/xss-protection/index.adoc
airs/front/content/pages/about-us/certifications/ceh/index.adoc
airs/front/content/pages/about-us/certifications/index.adoc
airs/front/content/pages/about-us/clients/avianca/index.adoc
airs/front/content/pages/about-us/clients/banco-general/index.adoc
airs/front/content/pages/about-us/clients/banco-industrial/index.adoc
airs/front/content/pages/about-us/clients/bancolombia/index.adoc
airs/front/content/pages/about-us/clients/banistmo/index.adoc
airs/front/content/pages/about-us/clients/bcp/index.adoc
airs/front/content/pages/about-us/clients/berkeley/index.adoc
airs/front/content/pages/about-us/clients/colmedica/index.adoc
airs/front/content/pages/about-us/clients/ecopetrol/index.adoc
airs/front/content/pages/about-us/clients/ficohsa/index.adoc
airs/front/content/pages/about-us/clients/gesa/index.adoc
airs/front/content/pages/about-us/clients/index.adoc
airs/front/content/pages/about-us/clients/interbank/index.adoc
airs/front/content/pages/about-us/clients/itau/index.adoc
airs/front/content/pages/about-us/clients/manpower/index.adoc
airs/front/content/pages/about-us/clients/mazda/index.adoc
airs/front/content/pages/about-us/clients/proteccion/index.adoc
airs/front/content/pages/about-us/clients/redeban/index.adoc
airs/front/content/pages/about-us/clients/rsa/index.adoc
airs/front/content/pages/about-us/clients/sura/index.adoc
airs/front/content/pages/about-us/clients/tecnoquimicas/index.adoc
airs/front/content/pages/about-us/clients/terpel/index.adoc
airs/front/content/pages/about-us/clients/tigo/index.adoc
airs/front/content/pages/about-us/differentiators/index.adoc
airs/front/content/pages/about-us/events/breaking-the-build/index.adoc
airs/front/content/pages/about-us/events/burn-the-datacenter/index.adoc
airs/front/content/pages/about-us/events/index.adoc
airs/front/content/pages/about-us/people/aroldan/index.adoc
airs/front/content/pages/about-us/people/ccarrasco/index.adoc
airs/front/content/pages/about-us/people/jarmas/index.adoc
airs/front/content/pages/about-us/people/ralvarez/index.adoc
airs/front/content/pages/about-us/reviews/index.adoc
airs/front/content/pages/advisories/index.adoc
airs/front/content/pages/advisories/morrison/index.adoc
airs/front/content/pages/advisories/policy/index.adoc
airs/front/content/pages/advisories/prine/index.adoc
airs/front/content/pages/careers/character-test/index.adoc
airs/front/content/pages/careers/faq/index.adoc
airs/front/content/pages/careers/hiring/index.adoc
airs/front/content/pages/careers/index.adoc
airs/front/content/pages/careers/knowledge-test/index.adoc
airs/front/content/pages/careers/non-technical-challenges/index.adoc
airs/front/content/pages/careers/openings/index.adoc
airs/front/content/pages/careers/reasons/index.adoc
airs/front/content/pages/careers/terms/index.adoc
airs/front/content/pages/categories/asm/index.adoc
airs/front/content/pages/categories/dast/index.adoc
airs/front/content/pages/categories/index.adoc
airs/front/content/pages/categories/ptaas/index.adoc
airs/front/content/pages/categories/re/index.adoc
airs/front/content/pages/compliance/gdpr/index.adoc
airs/front/content/pages/compliance/hipaa/index.adoc
airs/front/content/pages/compliance/nist/index.adoc
airs/front/content/pages/compliance/owasp/index.adoc
airs/front/content/pages/compliance/pci/index.adoc
airs/front/content/pages/contact-us/index.adoc
airs/front/content/pages/contact-us/thank-you/index.adoc
airs/front/content/pages/cookie/index.adoc
airs/front/content/pages/faq/list.adoc
airs/front/content/pages/format/index.adoc
airs/front/content/pages/partners/agt/index.adoc
airs/front/content/pages/partners/arroyo-consulting/index.adoc
airs/front/content/pages/partners/cgsi/index.adoc
airs/front/content/pages/partners/choucair/index.adoc
airs/front/content/pages/partners/ediligence/index.adoc
airs/front/content/pages/partners/evolution/index.adoc
airs/front/content/pages/partners/greensqa/index.adoc
airs/front/content/pages/partners/index.adoc
airs/front/content/pages/partners/mainsoft/index.adoc
airs/front/content/pages/partners/novacomp/index.adoc
airs/front/content/pages/partners/rsec/index.adoc
airs/front/content/pages/privacy/index.adoc
airs/front/content/pages/products/devsecops/index.adoc
airs/front/content/pages/products/devsecops/install/index.adoc
airs/front/content/pages/products/rules/findings/hygiene/037/index.adoc
airs/front/content/pages/products/rules/findings/hygiene/043/index.adoc
airs/front/content/pages/products/rules/findings/hygiene/044/index.adoc
airs/front/content/pages/products/rules/findings/hygiene/046/index.adoc
airs/front/content/pages/products/rules/findings/hygiene/058/index.adoc
airs/front/content/pages/products/rules/findings/hygiene/060/index.adoc
airs/front/content/pages/products/rules/findings/hygiene/061/index.adoc
airs/front/content/pages/products/rules/findings/hygiene/062/index.adoc
airs/front/content/pages/products/rules/findings/hygiene/064/index.adoc
airs/front/content/pages/products/rules/findings/hygiene/068/index.adoc
airs/front/content/pages/products/rules/findings/hygiene/070/index.adoc
airs/front/content/pages/products/rules/findings/hygiene/072/index.adoc
airs/front/content/pages/products/rules/findings/hygiene/073/index.adoc
airs/front/content/pages/products/rules/findings/hygiene/074/index.adoc
airs/front/content/pages/products/rules/findings/hygiene/079/index.adoc
airs/front/content/pages/products/rules/findings/hygiene/088/index.adoc
airs/front/content/pages/products/rules/findings/hygiene/113/index.adoc
airs/front/content/pages/products/rules/findings/hygiene/117/index.adoc
airs/front/content/pages/products/rules/findings/hygiene/118/index.adoc
airs/front/content/pages/products/rules/findings/hygiene/119/index.adoc
airs/front/content/pages/products/rules/findings/hygiene/120/index.adoc
airs/front/content/pages/products/rules/findings/index.adoc
airs/front/content/pages/products/rules/findings/security/001/index.adoc
airs/front/content/pages/products/rules/findings/security/002/index.adoc
airs/front/content/pages/products/rules/findings/security/003/index.adoc
airs/front/content/pages/products/rules/findings/security/004/index.adoc
airs/front/content/pages/products/rules/findings/security/005/index.adoc
airs/front/content/pages/products/rules/findings/security/006/index.adoc
airs/front/content/pages/products/rules/findings/security/007/index.adoc
airs/front/content/pages/products/rules/findings/security/008/index.adoc
airs/front/content/pages/products/rules/findings/security/009/index.adoc
airs/front/content/pages/products/rules/findings/security/010/index.adoc
airs/front/content/pages/products/rules/findings/security/011/index.adoc
airs/front/content/pages/products/rules/findings/security/013/index.adoc
airs/front/content/pages/products/rules/findings/security/014/index.adoc
airs/front/content/pages/products/rules/findings/security/015/index.adoc
airs/front/content/pages/products/rules/findings/security/017/index.adoc
airs/front/content/pages/products/rules/findings/security/018/index.adoc
airs/front/content/pages/products/rules/findings/security/019/index.adoc
airs/front/content/pages/products/rules/findings/security/020/index.adoc
airs/front/content/pages/products/rules/findings/security/021/index.adoc
airs/front/content/pages/products/rules/findings/security/022/index.adoc
airs/front/content/pages/products/rules/findings/security/023/index.adoc
airs/front/content/pages/products/rules/findings/security/024/index.adoc
airs/front/content/pages/products/rules/findings/security/025/index.adoc
airs/front/content/pages/products/rules/findings/security/026/index.adoc
airs/front/content/pages/products/rules/findings/security/027/index.adoc
airs/front/content/pages/products/rules/findings/security/028/index.adoc
airs/front/content/pages/products/rules/findings/security/029/index.adoc
airs/front/content/pages/products/rules/findings/security/030/index.adoc
airs/front/content/pages/products/rules/findings/security/031/index.adoc
airs/front/content/pages/products/rules/findings/security/032/index.adoc
airs/front/content/pages/products/rules/findings/security/033/index.adoc
airs/front/content/pages/products/rules/findings/security/034/index.adoc
airs/front/content/pages/products/rules/findings/security/035/index.adoc
airs/front/content/pages/products/rules/findings/security/036/index.adoc
airs/front/content/pages/products/rules/findings/security/038/index.adoc
airs/front/content/pages/products/rules/findings/security/039/index.adoc
airs/front/content/pages/products/rules/findings/security/040/index.adoc
airs/front/content/pages/products/rules/findings/security/041/index.adoc
airs/front/content/pages/products/rules/findings/security/042/index.adoc
airs/front/content/pages/products/rules/findings/security/045/index.adoc
airs/front/content/pages/products/rules/findings/security/047/index.adoc
airs/front/content/pages/products/rules/findings/security/048/index.adoc
airs/front/content/pages/products/rules/findings/security/049/index.adoc
airs/front/content/pages/products/rules/findings/security/050/index.adoc
airs/front/content/pages/products/rules/findings/security/051/index.adoc
airs/front/content/pages/products/rules/findings/security/052/index.adoc
airs/front/content/pages/products/rules/findings/security/053/index.adoc
airs/front/content/pages/products/rules/findings/security/054/index.adoc
airs/front/content/pages/products/rules/findings/security/055/index.adoc
airs/front/content/pages/products/rules/findings/security/056/index.adoc
airs/front/content/pages/products/rules/findings/security/059/index.adoc
airs/front/content/pages/products/rules/findings/security/063/index.adoc
airs/front/content/pages/products/rules/findings/security/065/index.adoc
airs/front/content/pages/products/rules/findings/security/067/index.adoc
airs/front/content/pages/products/rules/findings/security/069/index.adoc
airs/front/content/pages/products/rules/findings/security/075/index.adoc
airs/front/content/pages/products/rules/findings/security/076/index.adoc
airs/front/content/pages/products/rules/findings/security/077/index.adoc
airs/front/content/pages/products/rules/findings/security/078/index.adoc
airs/front/content/pages/products/rules/findings/security/081/index.adoc
airs/front/content/pages/products/rules/findings/security/082/index.adoc
airs/front/content/pages/products/rules/findings/security/083/index.adoc
airs/front/content/pages/products/rules/findings/security/084/index.adoc
airs/front/content/pages/products/rules/findings/security/085/index.adoc
airs/front/content/pages/products/rules/findings/security/086/index.adoc
airs/front/content/pages/products/rules/findings/security/087/index.adoc
airs/front/content/pages/products/rules/findings/security/090/index.adoc
airs/front/content/pages/products/rules/findings/security/091/index.adoc
airs/front/content/pages/products/rules/findings/security/093/index.adoc
airs/front/content/pages/products/rules/findings/security/096/index.adoc
airs/front/content/pages/products/rules/findings/security/097/index.adoc
airs/front/content/pages/products/rules/findings/security/098/index.adoc
airs/front/content/pages/products/rules/findings/security/100/index.adoc
airs/front/content/pages/products/rules/findings/security/101/index.adoc
airs/front/content/pages/products/rules/findings/security/102/index.adoc
airs/front/content/pages/products/rules/findings/security/103/index.adoc
airs/front/content/pages/products/rules/findings/security/104/index.adoc
airs/front/content/pages/products/rules/findings/security/105/index.adoc
airs/front/content/pages/products/rules/findings/security/106/index.adoc
airs/front/content/pages/products/rules/findings/security/107/index.adoc
airs/front/content/pages/products/rules/findings/security/110/index.adoc
airs/front/content/pages/products/rules/findings/security/111/index.adoc
airs/front/content/pages/products/rules/findings/security/114/index.adoc
airs/front/content/pages/products/rules/findings/security/115/index.adoc
airs/front/content/pages/products/rules/findings/security/116/index.adoc
airs/front/content/pages/products/rules/index.adoc
airs/front/content/pages/products/rules/list/architecture/050/index.adoc
airs/front/content/pages/products/rules/list/architecture/051/index.adoc
airs/front/content/pages/products/rules/list/architecture/062/index.adoc
airs/front/content/pages/products/rules/list/architecture/072/index.adoc
airs/front/content/pages/products/rules/list/architecture/266/index.adoc
airs/front/content/pages/products/rules/list/architecture/320/index.adoc
airs/front/content/pages/products/rules/list/architecture/324/index.adoc
airs/front/content/pages/products/rules/list/architecture/325/index.adoc
airs/front/content/pages/products/rules/list/architecture/327/index.adoc
airs/front/content/pages/products/rules/list/architecture/348/index.adoc
airs/front/content/pages/products/rules/list/architecture/349/index.adoc
airs/front/content/pages/products/rules/list/architecture/355/index.adoc
airs/front/content/pages/products/rules/list/authentication/122/index.adoc
airs/front/content/pages/products/rules/list/authentication/153/index.adoc
airs/front/content/pages/products/rules/list/authentication/225/index.adoc
airs/front/content/pages/products/rules/list/authentication/226/index.adoc
airs/front/content/pages/products/rules/list/authentication/227/index.adoc
airs/front/content/pages/products/rules/list/authentication/228/index.adoc
airs/front/content/pages/products/rules/list/authentication/229/index.adoc
airs/front/content/pages/products/rules/list/authentication/231/index.adoc
airs/front/content/pages/products/rules/list/authentication/235/index.adoc
airs/front/content/pages/products/rules/list/authentication/236/index.adoc
airs/front/content/pages/products/rules/list/authentication/237/index.adoc
airs/front/content/pages/products/rules/list/authentication/238/index.adoc
airs/front/content/pages/products/rules/list/authentication/264/index.adoc
airs/front/content/pages/products/rules/list/authentication/319/index.adoc
airs/front/content/pages/products/rules/list/authentication/328/index.adoc
airs/front/content/pages/products/rules/list/authentication/334/index.adoc
airs/front/content/pages/products/rules/list/authentication/335/index.adoc
airs/front/content/pages/products/rules/list/authentication/362/index.adoc
airs/front/content/pages/products/rules/list/authorization/033/index.adoc
airs/front/content/pages/products/rules/list/authorization/034/index.adoc
airs/front/content/pages/products/rules/list/authorization/035/index.adoc
airs/front/content/pages/products/rules/list/authorization/095/index.adoc
airs/front/content/pages/products/rules/list/authorization/096/index.adoc
airs/front/content/pages/products/rules/list/authorization/114/index.adoc
airs/front/content/pages/products/rules/list/authorization/341/index.adoc
airs/front/content/pages/products/rules/list/certificates/088/index.adoc
airs/front/content/pages/products/rules/list/certificates/089/index.adoc
airs/front/content/pages/products/rules/list/certificates/090/index.adoc
airs/front/content/pages/products/rules/list/certificates/091/index.adoc
airs/front/content/pages/products/rules/list/certificates/092/index.adoc
airs/front/content/pages/products/rules/list/certificates/093/index.adoc
airs/front/content/pages/products/rules/list/credentials/126/index.adoc
airs/front/content/pages/products/rules/list/credentials/127/index.adoc
airs/front/content/pages/products/rules/list/credentials/128/index.adoc
airs/front/content/pages/products/rules/list/credentials/129/index.adoc
airs/front/content/pages/products/rules/list/credentials/130/index.adoc
airs/front/content/pages/products/rules/list/credentials/131/index.adoc
airs/front/content/pages/products/rules/list/credentials/132/index.adoc
airs/front/content/pages/products/rules/list/credentials/133/index.adoc
airs/front/content/pages/products/rules/list/credentials/134/index.adoc
airs/front/content/pages/products/rules/list/credentials/135/index.adoc
airs/front/content/pages/products/rules/list/credentials/136/index.adoc
airs/front/content/pages/products/rules/list/credentials/137/index.adoc
airs/front/content/pages/products/rules/list/credentials/138/index.adoc
airs/front/content/pages/products/rules/list/credentials/139/index.adoc
airs/front/content/pages/products/rules/list/credentials/140/index.adoc
airs/front/content/pages/products/rules/list/credentials/141/index.adoc
airs/front/content/pages/products/rules/list/credentials/142/index.adoc
airs/front/content/pages/products/rules/list/credentials/143/index.adoc
airs/front/content/pages/products/rules/list/credentials/144/index.adoc
airs/front/content/pages/products/rules/list/credentials/332/index.adoc
airs/front/content/pages/products/rules/list/credentials/333/index.adoc
airs/front/content/pages/products/rules/list/credentials/347/index.adoc
airs/front/content/pages/products/rules/list/credentials/358/index.adoc
airs/front/content/pages/products/rules/list/cryptography/145/index.adoc
airs/front/content/pages/products/rules/list/cryptography/146/index.adoc
airs/front/content/pages/products/rules/list/cryptography/147/index.adoc
airs/front/content/pages/products/rules/list/cryptography/148/index.adoc
airs/front/content/pages/products/rules/list/cryptography/149/index.adoc
airs/front/content/pages/products/rules/list/cryptography/150/index.adoc
airs/front/content/pages/products/rules/list/cryptography/151/index.adoc
airs/front/content/pages/products/rules/list/cryptography/223/index.adoc
airs/front/content/pages/products/rules/list/cryptography/224/index.adoc
airs/front/content/pages/products/rules/list/cryptography/336/index.adoc
airs/front/content/pages/products/rules/list/cryptography/338/index.adoc
airs/front/content/pages/products/rules/list/cryptography/346/index.adoc
airs/front/content/pages/products/rules/list/cryptography/351/index.adoc
airs/front/content/pages/products/rules/list/cryptography/361/index.adoc
airs/front/content/pages/products/rules/list/data/176/index.adoc
airs/front/content/pages/products/rules/list/data/177/index.adoc
airs/front/content/pages/products/rules/list/data/178/index.adoc
airs/front/content/pages/products/rules/list/data/180/index.adoc
airs/front/content/pages/products/rules/list/data/181/index.adoc
airs/front/content/pages/products/rules/list/data/183/index.adoc
airs/front/content/pages/products/rules/list/data/184/index.adoc
airs/front/content/pages/products/rules/list/data/185/index.adoc
airs/front/content/pages/products/rules/list/data/300/index.adoc
airs/front/content/pages/products/rules/list/data/301/index.adoc
airs/front/content/pages/products/rules/list/data/321/index.adoc
airs/front/content/pages/products/rules/list/data/329/index.adoc
airs/front/content/pages/products/rules/list/devices/205/index.adoc
airs/front/content/pages/products/rules/list/devices/206/index.adoc
airs/front/content/pages/products/rules/list/devices/209/index.adoc
airs/front/content/pages/products/rules/list/devices/210/index.adoc
airs/front/content/pages/products/rules/list/devices/214/index.adoc
airs/front/content/pages/products/rules/list/devices/326/index.adoc
airs/front/content/pages/products/rules/list/devices/350/index.adoc
airs/front/content/pages/products/rules/list/devices/352/index.adoc
airs/front/content/pages/products/rules/list/devices/353/index.adoc
airs/front/content/pages/products/rules/list/devices/354/index.adoc
airs/front/content/pages/products/rules/list/emails/115/index.adoc
airs/front/content/pages/products/rules/list/emails/117/index.adoc
airs/front/content/pages/products/rules/list/emails/118/index.adoc
airs/front/content/pages/products/rules/list/emails/119/index.adoc
airs/front/content/pages/products/rules/list/emails/121/index.adoc
airs/front/content/pages/products/rules/list/emails/123/index.adoc
airs/front/content/pages/products/rules/list/files/037/index.adoc
airs/front/content/pages/products/rules/list/files/039/index.adoc
airs/front/content/pages/products/rules/list/files/040/index.adoc
airs/front/content/pages/products/rules/list/files/041/index.adoc
airs/front/content/pages/products/rules/list/files/042/index.adoc
airs/front/content/pages/products/rules/list/files/043/index.adoc
airs/front/content/pages/products/rules/list/files/044/index.adoc
airs/front/content/pages/products/rules/list/files/045/index.adoc
airs/front/content/pages/products/rules/list/files/046/index.adoc
airs/front/content/pages/products/rules/list/files/339/index.adoc
airs/front/content/pages/products/rules/list/files/340/index.adoc
airs/front/content/pages/products/rules/list/index.adoc
airs/front/content/pages/products/rules/list/legal/331/index.adoc
airs/front/content/pages/products/rules/list/logs/075/index.adoc
airs/front/content/pages/products/rules/list/logs/077/index.adoc
airs/front/content/pages/products/rules/list/logs/078/index.adoc
airs/front/content/pages/products/rules/list/logs/079/index.adoc
airs/front/content/pages/products/rules/list/logs/080/index.adoc
airs/front/content/pages/products/rules/list/logs/083/index.adoc
airs/front/content/pages/products/rules/list/logs/084/index.adoc
airs/front/content/pages/products/rules/list/logs/085/index.adoc
airs/front/content/pages/products/rules/list/logs/322/index.adoc
airs/front/content/pages/products/rules/list/networks/250/index.adoc
airs/front/content/pages/products/rules/list/networks/251/index.adoc
airs/front/content/pages/products/rules/list/networks/252/index.adoc
airs/front/content/pages/products/rules/list/networks/253/index.adoc
airs/front/content/pages/products/rules/list/networks/255/index.adoc
airs/front/content/pages/products/rules/list/networks/257/index.adoc
airs/front/content/pages/products/rules/list/networks/258/index.adoc
airs/front/content/pages/products/rules/list/networks/259/index.adoc
airs/front/content/pages/products/rules/list/networks/356/index.adoc
airs/front/content/pages/products/rules/list/out-of-scope/architecture/052/index.adoc
airs/front/content/pages/products/rules/list/out-of-scope/architecture/055/index.adoc
airs/front/content/pages/products/rules/list/out-of-scope/architecture/058/index.adoc
airs/front/content/pages/products/rules/list/out-of-scope/architecture/061/index.adoc
airs/front/content/pages/products/rules/list/out-of-scope/architecture/070/index.adoc
airs/front/content/pages/products/rules/list/out-of-scope/assets/001/index.adoc
airs/front/content/pages/products/rules/list/out-of-scope/assets/002/index.adoc
airs/front/content/pages/products/rules/list/out-of-scope/assets/004/index.adoc
airs/front/content/pages/products/rules/list/out-of-scope/assets/005/index.adoc
airs/front/content/pages/products/rules/list/out-of-scope/assets/006/index.adoc
airs/front/content/pages/products/rules/list/out-of-scope/assets/008/index.adoc
airs/front/content/pages/products/rules/list/out-of-scope/authentication/234/index.adoc
airs/front/content/pages/products/rules/list/out-of-scope/authorization/094/index.adoc
airs/front/content/pages/products/rules/list/out-of-scope/authorization/097/index.adoc
airs/front/content/pages/products/rules/list/out-of-scope/authorization/098/index.adoc
airs/front/content/pages/products/rules/list/out-of-scope/authorization/099/index.adoc
airs/front/content/pages/products/rules/list/out-of-scope/authorization/100/index.adoc
airs/front/content/pages/products/rules/list/out-of-scope/authorization/101/index.adoc
airs/front/content/pages/products/rules/list/out-of-scope/authorization/103/index.adoc
airs/front/content/pages/products/rules/list/out-of-scope/authorization/105/index.adoc
airs/front/content/pages/products/rules/list/out-of-scope/authorization/109/index.adoc
airs/front/content/pages/products/rules/list/out-of-scope/authorization/110/index.adoc
airs/front/content/pages/products/rules/list/out-of-scope/authorization/111/index.adoc
airs/front/content/pages/products/rules/list/out-of-scope/authorization/113/index.adoc
airs/front/content/pages/products/rules/list/out-of-scope/business/243/index.adoc
airs/front/content/pages/products/rules/list/out-of-scope/business/244/index.adoc
airs/front/content/pages/products/rules/list/out-of-scope/control/296/index.adoc
airs/front/content/pages/products/rules/list/out-of-scope/control/297/index.adoc
airs/front/content/pages/products/rules/list/out-of-scope/data/179/index.adoc
airs/front/content/pages/products/rules/list/out-of-scope/data/191/index.adoc
airs/front/content/pages/products/rules/list/out-of-scope/development/240/index.adoc
airs/front/content/pages/products/rules/list/out-of-scope/development/241/index.adoc
airs/front/content/pages/products/rules/list/out-of-scope/development/242/index.adoc
airs/front/content/pages/products/rules/list/out-of-scope/foreign/194/index.adoc
airs/front/content/pages/products/rules/list/out-of-scope/foreign/198/index.adoc
airs/front/content/pages/products/rules/list/out-of-scope/foreign/199/index.adoc
airs/front/content/pages/products/rules/list/out-of-scope/foreign/200/index.adoc
airs/front/content/pages/products/rules/list/out-of-scope/hypervisor/218/index.adoc
airs/front/content/pages/products/rules/list/out-of-scope/hypervisor/219/index.adoc
airs/front/content/pages/products/rules/list/out-of-scope/logs/086/index.adoc
airs/front/content/pages/products/rules/list/out-of-scope/sla/020/index.adoc
airs/front/content/pages/products/rules/list/privacy/189/index.adoc
airs/front/content/pages/products/rules/list/privacy/310/index.adoc
airs/front/content/pages/products/rules/list/privacy/311/index.adoc
airs/front/content/pages/products/rules/list/privacy/312/index.adoc
airs/front/content/pages/products/rules/list/privacy/313/index.adoc
airs/front/content/pages/products/rules/list/privacy/314/index.adoc
airs/front/content/pages/products/rules/list/privacy/315/index.adoc
airs/front/content/pages/products/rules/list/privacy/316/index.adoc
airs/front/content/pages/products/rules/list/privacy/317/index.adoc
airs/front/content/pages/products/rules/list/privacy/318/index.adoc
airs/front/content/pages/products/rules/list/privacy/343/index.adoc
airs/front/content/pages/products/rules/list/privacy/360/index.adoc
airs/front/content/pages/products/rules/list/services/262/index.adoc
airs/front/content/pages/products/rules/list/services/265/index.adoc
airs/front/content/pages/products/rules/list/services/330/index.adoc
airs/front/content/pages/products/rules/list/session/023/index.adoc
airs/front/content/pages/products/rules/list/session/024/index.adoc
airs/front/content/pages/products/rules/list/session/025/index.adoc
airs/front/content/pages/products/rules/list/session/026/index.adoc
airs/front/content/pages/products/rules/list/session/027/index.adoc
airs/front/content/pages/products/rules/list/session/028/index.adoc
airs/front/content/pages/products/rules/list/session/029/index.adoc
airs/front/content/pages/products/rules/list/session/030/index.adoc
airs/front/content/pages/products/rules/list/session/031/index.adoc
airs/front/content/pages/products/rules/list/session/032/index.adoc
airs/front/content/pages/products/rules/list/session/357/index.adoc
airs/front/content/pages/products/rules/list/social/260/index.adoc
airs/front/content/pages/products/rules/list/social/261/index.adoc
airs/front/content/pages/products/rules/list/source/154/index.adoc
airs/front/content/pages/products/rules/list/source/155/index.adoc
airs/front/content/pages/products/rules/list/source/156/index.adoc
airs/front/content/pages/products/rules/list/source/157/index.adoc
airs/front/content/pages/products/rules/list/source/158/index.adoc
airs/front/content/pages/products/rules/list/source/159/index.adoc
airs/front/content/pages/products/rules/list/source/160/index.adoc
airs/front/content/pages/products/rules/list/source/161/index.adoc
airs/front/content/pages/products/rules/list/source/162/index.adoc
airs/front/content/pages/products/rules/list/source/164/index.adoc
airs/front/content/pages/products/rules/list/source/167/index.adoc
airs/front/content/pages/products/rules/list/source/169/index.adoc
airs/front/content/pages/products/rules/list/source/171/index.adoc
airs/front/content/pages/products/rules/list/source/172/index.adoc
airs/front/content/pages/products/rules/list/source/173/index.adoc
airs/front/content/pages/products/rules/list/source/174/index.adoc
airs/front/content/pages/products/rules/list/source/175/index.adoc
airs/front/content/pages/products/rules/list/source/302/index.adoc
airs/front/content/pages/products/rules/list/source/323/index.adoc
airs/front/content/pages/products/rules/list/source/337/index.adoc
airs/front/content/pages/products/rules/list/source/342/index.adoc
airs/front/content/pages/products/rules/list/source/344/index.adoc
airs/front/content/pages/products/rules/list/source/345/index.adoc
airs/front/content/pages/products/rules/list/source/359/index.adoc
airs/front/content/pages/products/rules/list/system/186/index.adoc
airs/front/content/pages/products/rules/list/system/273/index.adoc
airs/front/content/pages/products/rules/list/system/280/index.adoc
airs/front/content/pages/products/rules/list/system/363/index.adoc
airs/front/content/pages/products/rules/list/virtualization/221/index.adoc
airs/front/content/pages/products/rules/list/virtualization/222/index.adoc
airs/front/content/pages/security/index.adoc
airs/front/content/pages/services/comparative/index.adoc
airs/front/content/pages/services/continuous-hacking/index.adoc
airs/front/content/pages/services/one-shot-hacking/index.adoc
airs/front/content/pages/solutions/attack-simulation/index.adoc
airs/front/content/pages/solutions/devsecops/index.adoc
airs/front/content/pages/solutions/ethical-hacking/index.adoc
airs/front/content/pages/solutions/index.adoc
airs/front/content/pages/solutions/penetration-testing/index.adoc
airs/front/content/pages/solutions/secure-code-review/index.adoc
airs/front/content/pages/solutions/vulnerability-management/index.adoc
airs/front/content/pages/style/index.adoc
airs/front/content/pages/systems/index.adoc
airs/front/content/pages/systems/iot/index.adoc
airs/front/content/pages/systems/ot/index.adoc
airs/front/content/pages/systems/web-apps/index.adoc
airs/front/content/pages/terms-use/index.adoc
airs/front/content/pages/topics/index.adoc
airs/front/content/blog/optimismo-sesgo/index.adoc
airs/front/content/blog/pipeline-ransomware-darkside/index.adoc
airs/front/content/blog/spoofing/index.adoc
airs/front/content/pages/about-us/certifications/crte/index.adoc
airs/front/content/pages/about-us/people/index.adoc
airs/front/content/pages/faq/index.adoc
airs/front/content/blog/ciberseguridad-estrategia/index.adoc
airs/front/content/blog/oss-seguridad/index.adoc
